  Tetrisgame3.cpp
D:\VS code\Game set\Tetrisgame3.cpp(24,63): warning C4244: '引數': 將 'int' 轉換為 'T'，由於類型不同，可能導致資料遺失
          with
          [
              T=float
          ]
D:\VS code\Game set\Tetrisgame3.cpp(24,37): warning C4244: '引數': 將 'int' 轉換為 'T'，由於類型不同，可能導致資料遺失
          with
          [
              T=float
          ]
D:\VS code\Game set\Tetrisgame3.cpp(25,39): warning C4244: '引數': 將 'const int' 轉換為 'T'，由於類型不同，可能導致資料遺失
          with
          [
              T=float
          ]
D:\VS code\Game set\Tetrisgame3.cpp(25,26): warning C4244: '引數': 將 'const int' 轉換為 'T'，由於類型不同，可能導致資料遺失
          with
          [
              T=float
          ]
D:\VS code\Game set\Tetrisgame3.cpp(48,65): warning C4244: '引數': 將 'T' 轉換為 'unsigned int'，由於類型不同，可能導致資料遺失
          with
          [
              T=float
          ]
D:\VS code\Game set\Tetrisgame3.cpp(48,51): warning C4244: '引數': 將 'T' 轉換為 'unsigned int'，由於類型不同，可能導致資料遺失
          with
          [
              T=float
          ]
D:\VS code\Game set\Tetrisgame3.cpp(239): warning C4715: 'Tetris3': 不是所有控制路徑都傳回值
  Game set.vcxproj -> D:\VS code\Game set\Debug\Game set.exe
